<?xml version="1.0" encoding="UTF-8"?>
<testsuite name="com.clocks.talkingclock.TalkingclockWithInputCommandLineTest" tests="18" skipped="0" failures="0" errors="0" timestamp="2024-10-13T16:25:24" hostname="MRAK" time="1.208">
  <properties/>
  <testcase name="testValidateTimeFormatWithLetters2()" classname="com.clocks.talkingclock.TalkingclockWithInputCommandLineTest" time="1.084"/>
  <testcase name="testValidateTimeFormatWithInvalidLength2()" classname="com.clocks.talkingclock.TalkingclockWithInputCommandLineTest" time="0.004"/>
  <testcase name="testValidateTimeFormatWithInvalidNumbers2()" classname="com.clocks.talkingclock.TalkingclockWithInputCommandLineTest" time="0.006"/>
  <testcase name="testGetTimeTextWith12h00m()" classname="com.clocks.talkingclock.TalkingclockWithInputCommandLineTest" time="0.005"/>
  <testcase name="testGetTimeTextWith12h31m()" classname="com.clocks.talkingclock.TalkingclockWithInputCommandLineTest" time="0.004"/>
  <testcase name="testGetTimeTextWith14h31m()" classname="com.clocks.talkingclock.TalkingclockWithInputCommandLineTest" time="0.003"/>
  <testcase name="testGetTimeTextWith14h40m()" classname="com.clocks.talkingclock.TalkingclockWithInputCommandLineTest" time="0.005"/>
  <testcase name="testGetTimeTextWith14h52m()" classname="com.clocks.talkingclock.TalkingclockWithInputCommandLineTest" time="0.004"/>
  <testcase name="testGetTimeTextWith0h27m()" classname="com.clocks.talkingclock.TalkingclockWithInputCommandLineTest" time="0.005"/>
  <testcase name="testGetTimeTextWith4h11m()" classname="com.clocks.talkingclock.TalkingclockWithInputCommandLineTest" time="0.011"/>
  <testcase name="testGetTimeTextWith4h27m()" classname="com.clocks.talkingclock.TalkingclockWithInputCommandLineTest" time="0.005"/>
  <testcase name="testValidateTimeFormatWithValidTimeFormat()" classname="com.clocks.talkingclock.TalkingclockWithInputCommandLineTest" time="0.005"/>
  <testcase name="testValidateTimeFormatWithHyphen()" classname="com.clocks.talkingclock.TalkingclockWithInputCommandLineTest" time="0.005"/>
  <testcase name="testValidateTimeFormatWithLetters()" classname="com.clocks.talkingclock.TalkingclockWithInputCommandLineTest" time="0.004"/>
  <testcase name="testValidateTimeFormatWithInvalidNumbers()" classname="com.clocks.talkingclock.TalkingclockWithInputCommandLineTest" time="0.004"/>
  <testcase name="testValidateTimeFormatWithInvalidLength()" classname="com.clocks.talkingclock.TalkingclockWithInputCommandLineTest" time="0.004"/>
  <testcase name="testGetTimeTextWith0h0m()" classname="com.clocks.talkingclock.TalkingclockWithInputCommandLineTest" time="0.004"/>
  <testcase name="testGetTimeTextWith4h7m()" classname="com.clocks.talkingclock.TalkingclockWithInputCommandLineTest" time="0.005"/>
  <system-out><![CDATA[
  .   ____          _            __ _ _
 /\\ / ___'_ __ _ _(_)_ __  __ _ \ \ \ \
( ( )\___ | '_ | '_| | '_ \/ _` | \ \ \ \
 \\/  ___)| |_)| | | | | || (_| |  ) ) ) )
  '  |____| .__|_| |_|_| |_\__, | / / / /
 =========|_|==============|___/=/_/_/_/

 :: Spring Boot ::       (v3.4.0-SNAPSHOT)

2024-10-13T17:25:24.271+01:00  INFO 17108 --- [talkingclock] [    Test worker] c.t.TalkingclockWithInputCommandLineTest : Starting TalkingclockWithInputCommandLineTest using Java 17.0.12 with PID 17108 (started by Nada Marijan in C:\talkingclock (1)\talkingclock)
2024-10-13T17:25:24.277+01:00  INFO 17108 --- [talkingclock] [    Test worker] c.t.TalkingclockWithInputCommandLineTest : No active profile set, falling back to 1 default profile: "default"
2024-10-13T17:25:24.504+01:00  INFO 17108 --- [talkingclock] [    Test worker] c.t.TalkingclockWithInputCommandLineTest : Started TalkingclockWithInputCommandLineTest in 0.629 seconds (process running for 2.286)
twelve o'clock
twenty nine to one
twenty nine to three
twenty to three
eight to three
twenty seven past twelve
eleven past four
twenty seven past four
twelve o'clock
seven past four
]]></system-out>
  <system-err><![CDATA[]]></system-err>
</testsuite>
